<?xml version="1.0" encoding="UTF-8"?>
<testsuite name="hello.TestGreeter" tests="2" skipped="0" failures="0" errors="0" timestamp="2020-03-11T23:08:04" hostname="Lauras-MacBook-Air.local" time="0.006">
  <properties/>
  <testcase name="testGreeter()" classname="hello.TestGreeter" time="0.001"/>
  <testcase name="testGreeterEmpty()" classname="hello.TestGreeter" time="0.001"/>
  <system-out><![CDATA[]]></system-out>
  <system-err><![CDATA[]]></system-err>
</testsuite>
