<?xml version="1.0" encoding="UTF-8"?>
<testsuite name="hello.TestForJosh" tests="2" skipped="0" failures="0" errors="0" timestamp="2020-03-11T23:08:04" hostname="Lauras-MacBook-Air.local" time="0.018">
  <properties/>
  <testcase name="TestForJoshEmpty()" classname="hello.TestForJosh" time="0.014"/>
  <testcase name="TestForJosh()" classname="hello.TestForJosh" time="0.001"/>
  <system-out><![CDATA[]]></system-out>
  <system-err><![CDATA[]]></system-err>
</testsuite>
